Start testing: Jun 27 15:47 ACST
----------------------------------------------------------
1/17 Testing: New Node is a tail node
1/17 Test: New Node is a tail node
Command: "/home/acoville/Desktop/structures/build/structures_unit_test" "New Node is a tail node"
Directory: /home/acoville/Desktop/structures/build
"New Node is a tail node" start time: Jun 27 15:47 ACST
Output:
----------------------------------------------------------
Filters: New Node is a tail node
===============================================================================
All tests passed (1 assertion in 1 test case)

<end of output>
Test time =   0.02 sec
----------------------------------------------------------
Test Passed.
"New Node is a tail node" end time: Jun 27 15:47 ACST
"New Node is a tail node" time elapsed: 00:00:00
----------------------------------------------------------

2/17 Testing: Operator < test T
2/17 Test: Operator < test T
Command: "/home/acoville/Desktop/structures/build/structures_unit_test" "Operator < test T"
Directory: /home/acoville/Desktop/structures/build
"Operator < test T" start time: Jun 27 15:47 ACST
Output:
----------------------------------------------------------
Filters: Operator < test T
===============================================================================
All tests passed (1 assertion in 1 test case)

<end of output>
Test time =   0.02 sec
----------------------------------------------------------
Test Passed.
"Operator < test T" end time: Jun 27 15:47 ACST
"Operator < test T" time elapsed: 00:00:00
----------------------------------------------------------

3/17 Testing: Operator < test F
3/17 Test: Operator < test F
Command: "/home/acoville/Desktop/structures/build/structures_unit_test" "Operator < test F"
Directory: /home/acoville/Desktop/structures/build
"Operator < test F" start time: Jun 27 15:47 ACST
Output:
----------------------------------------------------------
Filters: Operator < test F
===============================================================================
All tests passed (1 assertion in 1 test case)

<end of output>
Test time =   0.02 sec
----------------------------------------------------------
Test Passed.
"Operator < test F" end time: Jun 27 15:47 ACST
"Operator < test F" time elapsed: 00:00:00
----------------------------------------------------------

4/17 Testing: Operator > test T
4/17 Test: Operator > test T
Command: "/home/acoville/Desktop/structures/build/structures_unit_test" "Operator > test T"
Directory: /home/acoville/Desktop/structures/build
"Operator > test T" start time: Jun 27 15:47 ACST
Output:
----------------------------------------------------------
Filters: Operator > test T
===============================================================================
All tests passed (1 assertion in 1 test case)

<end of output>
Test time =   0.03 sec
----------------------------------------------------------
Test Passed.
"Operator > test T" end time: Jun 27 15:47 ACST
"Operator > test T" time elapsed: 00:00:00
----------------------------------------------------------

5/17 Testing: Operator > test F
5/17 Test: Operator > test F
Command: "/home/acoville/Desktop/structures/build/structures_unit_test" "Operator > test F"
Directory: /home/acoville/Desktop/structures/build
"Operator > test F" start time: Jun 27 15:47 ACST
Output:
----------------------------------------------------------
Filters: Operator > test F
===============================================================================
All tests passed (1 assertion in 1 test case)

<end of output>
Test time =   0.02 sec
----------------------------------------------------------
Test Passed.
"Operator > test F" end time: Jun 27 15:47 ACST
"Operator > test F" time elapsed: 00:00:00
----------------------------------------------------------

6/17 Testing: Operator < type T test, T
6/17 Test: Operator < type T test, T
Command: "/home/acoville/Desktop/structures/build/structures_unit_test" "Operator < type T test\, T"
Directory: /home/acoville/Desktop/structures/build
"Operator < type T test, T" start time: Jun 27 15:47 ACST
Output:
----------------------------------------------------------
Filters: Operator < type T test\, T
No test cases matched 'Operator < type T test\'
No test cases matched 'T'
===============================================================================
No tests ran

<end of output>
Test time =   0.02 sec
----------------------------------------------------------
Test Passed.
"Operator < type T test, T" end time: Jun 27 15:47 ACST
"Operator < type T test, T" time elapsed: 00:00:00
----------------------------------------------------------

7/17 Testing: Operator < type T test, F
7/17 Test: Operator < type T test, F
Command: "/home/acoville/Desktop/structures/build/structures_unit_test" "Operator < type T test\, F"
Directory: /home/acoville/Desktop/structures/build
"Operator < type T test, F" start time: Jun 27 15:47 ACST
Output:
----------------------------------------------------------
Filters: Operator < type T test\, F
No test cases matched 'Operator < type T test\'
No test cases matched 'F'
===============================================================================
No tests ran

<end of output>
Test time =   0.02 sec
----------------------------------------------------------
Test Passed.
"Operator < type T test, F" end time: Jun 27 15:47 ACST
"Operator < type T test, F" time elapsed: 00:00:00
----------------------------------------------------------

8/17 Testing: Operator > type T test, T
8/17 Test: Operator > type T test, T
Command: "/home/acoville/Desktop/structures/build/structures_unit_test" "Operator > type T test\, T"
Directory: /home/acoville/Desktop/structures/build
"Operator > type T test, T" start time: Jun 27 15:47 ACST
Output:
----------------------------------------------------------
Filters: Operator > type T test\, T
No test cases matched 'Operator > type T test\'
No test cases matched 'T'
===============================================================================
No tests ran

<end of output>
Test time =   0.02 sec
----------------------------------------------------------
Test Passed.
"Operator > type T test, T" end time: Jun 27 15:47 ACST
"Operator > type T test, T" time elapsed: 00:00:00
----------------------------------------------------------

10/17 Testing: Empty list has a size of 0
10/17 Test: Empty list has a size of 0
Command: "/home/acoville/Desktop/structures/build/structures_unit_test" "Empty list has a size of 0"
Directory: /home/acoville/Desktop/structures/build
"Empty list has a size of 0" start time: Jun 27 15:47 ACST
Output:
----------------------------------------------------------
Filters: Empty list has a size of 0
===============================================================================
All tests passed (1 assertion in 1 test case)

<end of output>
Test time =   0.02 sec
----------------------------------------------------------
Test Passed.
"Empty list has a size of 0" end time: Jun 27 15:47 ACST
"Empty list has a size of 0" time elapsed: 00:00:00
----------------------------------------------------------

9/17 Testing: Operator > type T test, F
9/17 Test: Operator > type T test, F
Command: "/home/acoville/Desktop/structures/build/structures_unit_test" "Operator > type T test\, F"
Directory: /home/acoville/Desktop/structures/build
"Operator > type T test, F" start time: Jun 27 15:47 ACST
Output:
----------------------------------------------------------
Filters: Operator > type T test\, F
No test cases matched 'Operator > type T test\'
No test cases matched 'F'
===============================================================================
No tests ran

<end of output>
Test time =   0.02 sec
----------------------------------------------------------
Test Passed.
"Operator > type T test, F" end time: Jun 27 15:47 ACST
"Operator > type T test, F" time elapsed: 00:00:00
----------------------------------------------------------

11/17 Testing: Inserting increments size
11/17 Test: Inserting increments size
Command: "/home/acoville/Desktop/structures/build/structures_unit_test" "Inserting increments size"
Directory: /home/acoville/Desktop/structures/build
"Inserting increments size" start time: Jun 27 15:47 ACST
Output:
----------------------------------------------------------
Filters: Inserting increments size
===============================================================================
All tests passed (1 assertion in 1 test case)

<end of output>
Test time =   0.01 sec
----------------------------------------------------------
Test Passed.
"Inserting increments size" end time: Jun 27 15:47 ACST
"Inserting increments size" time elapsed: 00:00:00
----------------------------------------------------------

12/17 Testing: Deleting decrements size when size > 0
12/17 Test: Deleting decrements size when size > 0
Command: "/home/acoville/Desktop/structures/build/structures_unit_test" "Deleting decrements size when size > 0"
Directory: /home/acoville/Desktop/structures/build
"Deleting decrements size when size > 0" start time: Jun 27 15:47 ACST
Output:
----------------------------------------------------------
Filters: Deleting decrements size when size > 0
===============================================================================
All tests passed (1 assertion in 1 test case)

<end of output>
Test time =   0.01 sec
----------------------------------------------------------
Test Passed.
"Deleting decrements size when size > 0" end time: Jun 27 15:47 ACST
"Deleting decrements size when size > 0" time elapsed: 00:00:00
----------------------------------------------------------

13/17 Testing: Default constructed List is Empty
13/17 Test: Default constructed List is Empty
Command: "/home/acoville/Desktop/structures/build/structures_unit_test" "Default constructed List is Empty"
Directory: /home/acoville/Desktop/structures/build
"Default constructed List is Empty" start time: Jun 27 15:47 ACST
Output:
----------------------------------------------------------
Filters: Default constructed List is Empty
===============================================================================
All tests passed (1 assertion in 1 test case)

<end of output>
Test time =   0.01 sec
----------------------------------------------------------
Test Passed.
"Default constructed List is Empty" end time: Jun 27 15:47 ACST
"Default constructed List is Empty" time elapsed: 00:00:00
----------------------------------------------------------

14/17 Testing: Inserting one element makes the list not empty
14/17 Test: Inserting one element makes the list not empty
Command: "/home/acoville/Desktop/structures/build/structures_unit_test" "Inserting one element makes the list not empty"
Directory: /home/acoville/Desktop/structures/build
"Inserting one element makes the list not empty" start time: Jun 27 15:47 ACST
Output:
----------------------------------------------------------
Filters: Inserting one element makes the list not empty
===============================================================================
All tests passed (1 assertion in 1 test case)

<end of output>
Test time =   0.01 sec
----------------------------------------------------------
Test Passed.
"Inserting one element makes the list not empty" end time: Jun 27 15:47 ACST
"Inserting one element makes the list not empty" time elapsed: 00:00:00
----------------------------------------------------------

15/17 Testing: Deleting a list with one element makes it empty
15/17 Test: Deleting a list with one element makes it empty
Command: "/home/acoville/Desktop/structures/build/structures_unit_test" "Deleting a list with one element makes it empty"
Directory: /home/acoville/Desktop/structures/build
"Deleting a list with one element makes it empty" start time: Jun 27 15:47 ACST
Output:
----------------------------------------------------------
Filters: Deleting a list with one element makes it empty
===============================================================================
All tests passed (1 assertion in 1 test case)

<end of output>
Test time =   0.01 sec
----------------------------------------------------------
Test Passed.
"Deleting a list with one element makes it empty" end time: Jun 27 15:47 ACST
"Deleting a list with one element makes it empty" time elapsed: 00:00:00
----------------------------------------------------------

16/17 Testing: Find -readonly returns F if the value is not found
16/17 Test: Find -readonly returns F if the value is not found
Command: "/home/acoville/Desktop/structures/build/structures_unit_test" "Find -readonly returns F if the value is not found"
Directory: /home/acoville/Desktop/structures/build
"Find -readonly returns F if the value is not found" start time: Jun 27 15:47 ACST
Output:
----------------------------------------------------------
Filters: Find -readonly returns F if the value is not found
===============================================================================
All tests passed (1 assertion in 1 test case)

<end of output>
Test time =   0.00 sec
----------------------------------------------------------
Test Passed.
"Find -readonly returns F if the value is not found" end time: Jun 27 15:47 ACST
"Find -readonly returns F if the value is not found" time elapsed: 00:00:00
----------------------------------------------------------

17/17 Testing: Find -readonly returns T if value is found
17/17 Test: Find -readonly returns T if value is found
Command: "/home/acoville/Desktop/structures/build/structures_unit_test" "Find -readonly returns T if value is found"
Directory: /home/acoville/Desktop/structures/build
"Find -readonly returns T if value is found" start time: Jun 27 15:47 ACST
Output:
----------------------------------------------------------
Filters: Find -readonly returns T if value is found
===============================================================================
All tests passed (1 assertion in 1 test case)

<end of output>
Test time =   0.01 sec
----------------------------------------------------------
Test Passed.
"Find -readonly returns T if value is found" end time: Jun 27 15:47 ACST
"Find -readonly returns T if value is found" time elapsed: 00:00:00
----------------------------------------------------------

End testing: Jun 27 15:47 ACST
