<?xml version="1.0" encoding="UTF-8"?>
<Site BuildName="Linux-c++"
	BuildStamp="20200627-0617-Experimental"
	Name="acheron"
	Generator="ctest-3.15.3"
	CompilerName="/usr/bin/c++"
	CompilerVersion="6.0.0"
	OSName="Linux"
	Hostname="acheron"
	OSRelease="4.15.0-108-generic"
	OSVersion="#109-Ubuntu SMP Fri Jun 19 11:33:10 UTC 2020"
	OSPlatform="x86_64"
	Is64Bits="1"
	VendorString="GenuineIntel"
	VendorID="Intel Corporation"
	FamilyID="6"
	ModelID="94"
	ProcessorCacheSize="6144"
	NumberOfLogicalCPU="8"
	NumberOfPhysicalCPU="4"
	TotalVirtualMemory="2047"
	TotalPhysicalMemory="15816"
	LogicalProcessorsPerPhysical="2"
	ProcessorClockFrequency="2995.78"
	>
	<Testing>
		<StartDateTime>Jun 27 15:47 ACST</StartDateTime>
		<StartTestTime>1593238674</StartTestTime>
		<TestList>
			<Test>./New_Node_is_a_tail_node</Test>
			<Test>./Operator_&lt;_test_T</Test>
			<Test>./Operator_&lt;_test_F</Test>
			<Test>./Operator_&gt;_test_T</Test>
			<Test>./Operator_&gt;_test_F</Test>
			<Test>./Operator_&lt;_type_T_test,_T</Test>
			<Test>./Operator_&lt;_type_T_test,_F</Test>
			<Test>./Operator_&gt;_type_T_test,_T</Test>
			<Test>./Empty_list_has_a_size_of_0</Test>
			<Test>./Operator_&gt;_type_T_test,_F</Test>
			<Test>./Inserting_increments_size</Test>
			<Test>./Deleting_decrements_size_when_size_&gt;_0</Test>
			<Test>./Default_constructed_List_is_Empty</Test>
			<Test>./Inserting_one_element_makes_the_list_not_empty</Test>
			<Test>./Deleting_a_list_with_one_element_makes_it_empty</Test>
			<Test>./Find_-readonly_returns_F_if_the_value_is_not_found</Test>
			<Test>./Find_-readonly_returns_T_if_value_is_found</Test>
		</TestList>
		<Test Status="passed">
			<Name>New Node is a tail node</Name>
			<Path>.</Path>
			<FullName>./New_Node_is_a_tail_node</FullName>
			<FullCommandLine>/home/acoville/Desktop/structures/build/structures_unit_test "New Node is a tail node"</FullCommandLine>
			<Results>
				<NamedMeasurement type="numeric/double" name="Execution Time">
					<Value>0.017237</Value>
				</NamedMeasurement>
				<NamedMeasurement type="numeric/double" name="Processors">
					<Value>1</Value>
				</NamedMeasurement>
				<NamedMeasurement type="text/string" name="Completion Status">
					<Value>Completed</Value>
				</NamedMeasurement>
				<NamedMeasurement type="text/string" name="Command Line">
					<Value>/home/acoville/Desktop/structures/build/structures_unit_test "New Node is a tail node"</Value>
				</NamedMeasurement>
				<Measurement>
					<Value encoding="base64" compression="gzip">eJytiTsKgEAMBfuc4pVabitY2FjuHYKbIhCysgl4fT9ncKoZZldLGbGgyoXam0ADjGQ1+JO0/gttZkiJDJwcIQ1TwSsjtTvUUb6Ng0NmohtJrS2W====</Value>
				</Measurement>
			</Results>
		</Test>
		<Test Status="passed">
			<Name>Operator &lt; test T</Name>
			<Path>.</Path>
			<FullName>./Operator_&lt;_test_T</FullName>
			<FullCommandLine>/home/acoville/Desktop/structures/build/structures_unit_test "Operator &lt; test T"</FullCommandLine>
			<Results>
				<NamedMeasurement type="numeric/double" name="Execution Time">
					<Value>0.0237663</Value>
				</NamedMeasurement>
				<NamedMeasurement type="numeric/double" name="Processors">
					<Value>1</Value>
				</NamedMeasurement>
				<NamedMeasurement type="text/string" name="Completion Status">
					<Value>Completed</Value>
				</NamedMeasurement>
				<NamedMeasurement type="text/string" name="Command Line">
					<Value>/home/acoville/Desktop/structures/build/structures_unit_test "Operator &lt; test T"</Value>
				</NamedMeasurement>
				<Measurement>
					<Value encoding="base64" compression="gzip">eJxzy8wpSS0qtlLwL0gtSizJL1KwUShJLS5RCOGypS7gcszJARtdrFCQWFycmqKgYagAYhSVZObnKWTmKRhCbE5OLE7V5OICACH7K7U=</Value>
				</Measurement>
			</Results>
		</Test>
		<Test Status="passed">
			<Name>Operator &lt; test F</Name>
			<Path>.</Path>
			<FullName>./Operator_&lt;_test_F</FullName>
			<FullCommandLine>/home/acoville/Desktop/structures/build/structures_unit_test "Operator &lt; test F"</FullCommandLine>
			<Results>
				<NamedMeasurement type="numeric/double" name="Execution Time">
					<Value>0.0243839</Value>
				</NamedMeasurement>
				<NamedMeasurement type="numeric/double" name="Processors">
					<Value>1</Value>
				</NamedMeasurement>
				<NamedMeasurement type="text/string" name="Completion Status">
					<Value>Completed</Value>
				</NamedMeasurement>
				<NamedMeasurement type="text/string" name="Command Line">
					<Value>/home/acoville/Desktop/structures/build/structures_unit_test "Operator &lt; test F"</Value>
				</NamedMeasurement>
				<Measurement>
					<Value encoding="base64" compression="gzip">eJxzy8wpSS0qtlLwL0gtSizJL1KwUShJLS5RcOOypS7gcszJARtdrFCQWFycmqKgYagAYhSVZObnKWTmKRhCbE5OLE7V5OICABrtK6c=</Value>
				</Measurement>
			</Results>
		</Test>
		<Test Status="passed">
			<Name>Operator &gt; test T</Name>
			<Path>.</Path>
			<FullName>./Operator_&gt;_test_T</FullName>
			<FullCommandLine>/home/acoville/Desktop/structures/build/structures_unit_test "Operator &gt; test T"</FullCommandLine>
			<Results>
				<NamedMeasurement type="numeric/double" name="Execution Time">
					<Value>0.0250037</Value>
				</NamedMeasurement>
				<NamedMeasurement type="numeric/double" name="Processors">
					<Value>1</Value>
				</NamedMeasurement>
				<NamedMeasurement type="text/string" name="Completion Status">
					<Value>Completed</Value>
				</NamedMeasurement>
				<NamedMeasurement type="text/string" name="Command Line">
					<Value>/home/acoville/Desktop/structures/build/structures_unit_test "Operator &gt; test T"</Value>
				</NamedMeasurement>
				<Measurement>
					<Value encoding="base64" compression="gzip">eJxzy8wpSS0qtlLwL0gtSizJL1KwUyhJLS5RCOGypS7gcszJARtdrFCQWFycmqKgYagAYhSVZObnKWTmKRhCbE5OLE7V5OICACMLK7c=</Value>
				</Measurement>
			</Results>
		</Test>
		<Test Status="passed">
			<Name>Operator &gt; test F</Name>
			<Path>.</Path>
			<FullName>./Operator_&gt;_test_F</FullName>
			<FullCommandLine>/home/acoville/Desktop/structures/build/structures_unit_test "Operator &gt; test F"</FullCommandLine>
			<Results>
				<NamedMeasurement type="numeric/double" name="Execution Time">
					<Value>0.0223839</Value>
				</NamedMeasurement>
				<NamedMeasurement type="numeric/double" name="Processors">
					<Value>1</Value>
				</NamedMeasurement>
				<NamedMeasurement type="text/string" name="Completion Status">
					<Value>Completed</Value>
				</NamedMeasurement>
				<NamedMeasurement type="text/string" name="Command Line">
					<Value>/home/acoville/Desktop/structures/build/structures_unit_test "Operator &gt; test F"</Value>
				</NamedMeasurement>
				<Measurement>
					<Value encoding="base64" compression="gzip">eJxzy8wpSS0qtlLwL0gtSizJL1KwUyhJLS5RcOOypS7gcszJARtdrFCQWFycmqKgYagAYhSVZObnKWTmKRhCbE5OLE7V5OICABv9K6k=</Value>
				</Measurement>
			</Results>
		</Test>
		<Test Status="passed">
			<Name>Operator &lt; type T test, T</Name>
			<Path>.</Path>
			<FullName>./Operator_&lt;_type_T_test,_T</FullName>
			<FullCommandLine>/home/acoville/Desktop/structures/build/structures_unit_test "Operator &lt; type T test\, T"</FullCommandLine>
			<Results>
				<NamedMeasurement type="numeric/double" name="Execution Time">
					<Value>0.0243405</Value>
				</NamedMeasurement>
				<NamedMeasurement type="numeric/double" name="Processors">
					<Value>1</Value>
				</NamedMeasurement>
				<NamedMeasurement type="text/string" name="Completion Status">
					<Value>Completed</Value>
				</NamedMeasurement>
				<NamedMeasurement type="text/string" name="Command Line">
					<Value>/home/acoville/Desktop/structures/build/structures_unit_test "Operator &lt; type T test\, T"</Value>
				</NamedMeasurement>
				<Measurement>
					<Value encoding="base64" compression="gzip">eJxzy8wpSS0qtlLwL0gtSizJL1KwUSipLEhVCFEoSS0uidFRCOHyywezFZITi1OLFXITS5IzUlMU1HHoUMelPkSdy5a6AGZTsUJRYh4XFwAHOTx8====</Value>
				</Measurement>
			</Results>
		</Test>
		<Test Status="passed">
			<Name>Operator &lt; type T test, F</Name>
			<Path>.</Path>
			<FullName>./Operator_&lt;_type_T_test,_F</FullName>
			<FullCommandLine>/home/acoville/Desktop/structures/build/structures_unit_test "Operator &lt; type T test\, F"</FullCommandLine>
			<Results>
				<NamedMeasurement type="numeric/double" name="Execution Time">
					<Value>0.0243663</Value>
				</NamedMeasurement>
				<NamedMeasurement type="numeric/double" name="Processors">
					<Value>1</Value>
				</NamedMeasurement>
				<NamedMeasurement type="text/string" name="Completion Status">
					<Value>Completed</Value>
				</NamedMeasurement>
				<NamedMeasurement type="text/string" name="Command Line">
					<Value>/home/acoville/Desktop/structures/build/structures_unit_test "Operator &lt; type T test\, F"</Value>
				</NamedMeasurement>
				<Measurement>
					<Value encoding="base64" compression="gzip">eJxzy8wpSS0qtlLwL0gtSizJL1KwUSipLEhVCFEoSS0uidFRcOPyywezFZITi1OLFXITS5IzUlMU1HHoUMel3k2dy5a6AGZTsUJRYh4XFwD4kDxg====</Value>
				</Measurement>
			</Results>
		</Test>
		<Test Status="passed">
			<Name>Operator &gt; type T test, T</Name>
			<Path>.</Path>
			<FullName>./Operator_&gt;_type_T_test,_T</FullName>
			<FullCommandLine>/home/acoville/Desktop/structures/build/structures_unit_test "Operator &gt; type T test\, T"</FullCommandLine>
			<Results>
				<NamedMeasurement type="numeric/double" name="Execution Time">
					<Value>0.0244209</Value>
				</NamedMeasurement>
				<NamedMeasurement type="numeric/double" name="Processors">
					<Value>1</Value>
				</NamedMeasurement>
				<NamedMeasurement type="text/string" name="Completion Status">
					<Value>Completed</Value>
				</NamedMeasurement>
				<NamedMeasurement type="text/string" name="Command Line">
					<Value>/home/acoville/Desktop/structures/build/structures_unit_test "Operator &gt; type T test\, T"</Value>
				</NamedMeasurement>
				<Measurement>
					<Value encoding="base64" compression="gzip">eJxzy8wpSS0qtlLwL0gtSizJL1KwUyipLEhVCFEoSS0uidFRCOHyywezFZITi1OLFXITS5IzUlMU1HHoUMelPkSdy5a6AGZTsUJRYh4XFwAJvTyA====</Value>
				</Measurement>
			</Results>
		</Test>
		<Test Status="passed">
			<Name>Empty list has a size of 0</Name>
			<Path>.</Path>
			<FullName>./Empty_list_has_a_size_of_0</FullName>
			<FullCommandLine>/home/acoville/Desktop/structures/build/structures_unit_test "Empty list has a size of 0"</FullCommandLine>
			<Results>
				<NamedMeasurement type="numeric/double" name="Execution Time">
					<Value>0.0214201</Value>
				</NamedMeasurement>
				<NamedMeasurement type="numeric/double" name="Processors">
					<Value>1</Value>
				</NamedMeasurement>
				<NamedMeasurement type="text/string" name="Completion Status">
					<Value>Completed</Value>
				</NamedMeasurement>
				<NamedMeasurement type="text/string" name="Command Line">
					<Value>/home/acoville/Desktop/structures/build/structures_unit_test "Empty list has a size of 0"</Value>
				</NamedMeasurement>
				<Measurement>
					<Value encoding="base64" compression="gzip">eJytyTEKgDAQRNE+p5hSO20FCwu9x6IrLsQkZLbR04uewV89+ItF18oB81n8QjQ6DiEEtFuRd3Rh/LcwxQhXOlGE1A1NjxfVLSdYQv9trEJtQ3gA+2AuoQ==</Value>
				</Measurement>
			</Results>
		</Test>
		<Test Status="passed">
			<Name>Operator &gt; type T test, F</Name>
			<Path>.</Path>
			<FullName>./Operator_&gt;_type_T_test,_F</FullName>
			<FullCommandLine>/home/acoville/Desktop/structures/build/structures_unit_test "Operator &gt; type T test\, F"</FullCommandLine>
			<Results>
				<NamedMeasurement type="numeric/double" name="Execution Time">
					<Value>0.0225962</Value>
				</NamedMeasurement>
				<NamedMeasurement type="numeric/double" name="Processors">
					<Value>1</Value>
				</NamedMeasurement>
				<NamedMeasurement type="text/string" name="Completion Status">
					<Value>Completed</Value>
				</NamedMeasurement>
				<NamedMeasurement type="text/string" name="Command Line">
					<Value>/home/acoville/Desktop/structures/build/structures_unit_test "Operator &gt; type T test\, F"</Value>
				</NamedMeasurement>
				<Measurement>
					<Value encoding="base64" compression="gzip">eJxzy8wpSS0qtlLwL0gtSizJL1KwUyipLEhVCFEoSS0uidFRcOPyywezFZITi1OLFXITS5IzUlMU1HHoUMel3k2dy5a6AGZTsUJRYh4XFwD7FDxk====</Value>
				</Measurement>
			</Results>
		</Test>
		<Test Status="passed">
			<Name>Inserting increments size</Name>
			<Path>.</Path>
			<FullName>./Inserting_increments_size</FullName>
			<FullCommandLine>/home/acoville/Desktop/structures/build/structures_unit_test "Inserting increments size"</FullCommandLine>
			<Results>
				<NamedMeasurement type="numeric/double" name="Execution Time">
					<Value>0.0133497</Value>
				</NamedMeasurement>
				<NamedMeasurement type="numeric/double" name="Processors">
					<Value>1</Value>
				</NamedMeasurement>
				<NamedMeasurement type="text/string" name="Completion Status">
					<Value>Completed</Value>
				</NamedMeasurement>
				<NamedMeasurement type="text/string" name="Command Line">
					<Value>/home/acoville/Desktop/structures/build/structures_unit_test "Inserting increments size"</Value>
				</NamedMeasurement>
				<Measurement>
					<Value encoding="base64" compression="gzip">eJxzy8wpSS0qtlLwzCtOLSrJzEtXyMxLLkrNTc0rKVYozqxK5bKlLuByzMlRKEktBhpfkFhcnJqioGGoAGIAbc/PA9quYAiWVkhOLE7V5OICAHiqL58=</Value>
				</Measurement>
			</Results>
		</Test>
		<Test Status="passed">
			<Name>Deleting decrements size when size &gt; 0</Name>
			<Path>.</Path>
			<FullName>./Deleting_decrements_size_when_size_&gt;_0</FullName>
			<FullCommandLine>/home/acoville/Desktop/structures/build/structures_unit_test "Deleting decrements size when size &gt; 0"</FullCommandLine>
			<Results>
				<NamedMeasurement type="numeric/double" name="Execution Time">
					<Value>0.0119427</Value>
				</NamedMeasurement>
				<NamedMeasurement type="numeric/double" name="Processors">
					<Value>1</Value>
				</NamedMeasurement>
				<NamedMeasurement type="text/string" name="Completion Status">
					<Value>Completed</Value>
				</NamedMeasurement>
				<NamedMeasurement type="text/string" name="Command Line">
					<Value>/home/acoville/Desktop/structures/build/structures_unit_test "Deleting decrements size when size &gt; 0"</Value>
				</NamedMeasurement>
				<Measurement>
					<Value encoding="base64" compression="gzip">eJytjTsKgEAMBfs9xSu101ZQEMR7iD40sEbZBARP7+8KTjUwxfQSnckqdIx00RkTx8SV6gaTkzgW6mcNilD/S2hjhNPu2T6YcUJW4pHksilEUb4Z42DMQ7gAHbozZQ==</Value>
				</Measurement>
			</Results>
		</Test>
		<Test Status="passed">
			<Name>Default constructed List is Empty</Name>
			<Path>.</Path>
			<FullName>./Default_constructed_List_is_Empty</FullName>
			<FullCommandLine>/home/acoville/Desktop/structures/build/structures_unit_test "Default constructed List is Empty"</FullCommandLine>
			<Results>
				<NamedMeasurement type="numeric/double" name="Execution Time">
					<Value>0.0103469</Value>
				</NamedMeasurement>
				<NamedMeasurement type="numeric/double" name="Processors">
					<Value>1</Value>
				</NamedMeasurement>
				<NamedMeasurement type="text/string" name="Completion Status">
					<Value>Completed</Value>
				</NamedMeasurement>
				<NamedMeasurement type="text/string" name="Command Line">
					<Value>/home/acoville/Desktop/structures/build/structures_unit_test "Default constructed List is Empty"</Value>
				</NamedMeasurement>
				<Measurement>
					<Value encoding="base64" compression="gzip">eJxzy8wpSS0qtlJwSU1LLM0pUUjOzysuKSpNLklNUfDJLC5RyCxWcM0tKKnksqUu4HLMyVEoSS0uKVYoSCwuBlqnYagAYhSVZObnKWTmKRiCpRWSE4tTNbm4ADGrMjM=</Value>
				</Measurement>
			</Results>
		</Test>
		<Test Status="passed">
			<Name>Inserting one element makes the list not empty</Name>
			<Path>.</Path>
			<FullName>./Inserting_one_element_makes_the_list_not_empty</FullName>
			<FullCommandLine>/home/acoville/Desktop/structures/build/structures_unit_test "Inserting one element makes the list not empty"</FullCommandLine>
			<Results>
				<NamedMeasurement type="numeric/double" name="Execution Time">
					<Value>0.00727212</Value>
				</NamedMeasurement>
				<NamedMeasurement type="numeric/double" name="Processors">
					<Value>1</Value>
				</NamedMeasurement>
				<NamedMeasurement type="text/string" name="Completion Status">
					<Value>Completed</Value>
				</NamedMeasurement>
				<NamedMeasurement type="text/string" name="Command Line">
					<Value>/home/acoville/Desktop/structures/build/structures_unit_test "Inserting one element makes the list not empty"</Value>
				</NamedMeasurement>
				<Measurement>
					<Value encoding="base64" compression="gzip">eJytjjsOwjAUBHufYkso00aioInEMSyyAivPz1F2G27P5wxMNdI0s7QwD824pXi45QMjCQY70+h1o+AnEU1GDoN996tc/ku5RsCUhb1KXHGa8JXP0ki0xPTLuFfxXMobhi43Bg==</Value>
				</Measurement>
			</Results>
		</Test>
		<Test Status="passed">
			<Name>Deleting a list with one element makes it empty</Name>
			<Path>.</Path>
			<FullName>./Deleting_a_list_with_one_element_makes_it_empty</FullName>
			<FullCommandLine>/home/acoville/Desktop/structures/build/structures_unit_test "Deleting a list with one element makes it empty"</FullCommandLine>
			<Results>
				<NamedMeasurement type="numeric/double" name="Execution Time">
					<Value>0.00573859</Value>
				</NamedMeasurement>
				<NamedMeasurement type="numeric/double" name="Processors">
					<Value>1</Value>
				</NamedMeasurement>
				<NamedMeasurement type="text/string" name="Completion Status">
					<Value>Completed</Value>
				</NamedMeasurement>
				<NamedMeasurement type="text/string" name="Command Line">
					<Value>/home/acoville/Desktop/structures/build/structures_unit_test "Deleting a list with one element makes it empty"</Value>
				</NamedMeasurement>
				<Measurement>
					<Value encoding="base64" compression="gzip">eJytiUEKwkAQBO/7ij7qMVfBgyD+YzGNGZydXTINwd8n+gbrVFQ9zMU1L7jTKYsXKtxS2EwLehBHbwyh1TcTJrANfcr1v5SbO8RUYtRMzjhN+Moq6wELTL+NZ02eS9kBjbY3Bw==</Value>
				</Measurement>
			</Results>
		</Test>
		<Test Status="passed">
			<Name>Find -readonly returns F if the value is not found</Name>
			<Path>.</Path>
			<FullName>./Find_-readonly_returns_F_if_the_value_is_not_found</FullName>
			<FullCommandLine>/home/acoville/Desktop/structures/build/structures_unit_test "Find -readonly returns F if the value is not found"</FullCommandLine>
			<Results>
				<NamedMeasurement type="numeric/double" name="Execution Time">
					<Value>0.00377112</Value>
				</NamedMeasurement>
				<NamedMeasurement type="numeric/double" name="Processors">
					<Value>1</Value>
				</NamedMeasurement>
				<NamedMeasurement type="text/string" name="Completion Status">
					<Value>Completed</Value>
				</NamedMeasurement>
				<NamedMeasurement type="text/string" name="Command Line">
					<Value>/home/acoville/Desktop/structures/build/structures_unit_test "Find -readonly returns F if the value is not found"</Value>
				</NamedMeasurement>
				<Measurement>
					<Value encoding="base64" compression="gzip">eJytyTEKwzAMRuHdp/jHdOiQNZAhi+9hKoUIhFwkudDbh+QMedMHr4omeyyoYoS3c6Nu+odzDrdAhezIg/FrOhgSsJ7Y+zAq67OVTRXJkYFvi2DCNOOCp3SDGOZ749OCX6WcGn43tA==</Value>
				</Measurement>
			</Results>
		</Test>
		<Test Status="passed">
			<Name>Find -readonly returns T if value is found</Name>
			<Path>.</Path>
			<FullName>./Find_-readonly_returns_T_if_value_is_found</FullName>
			<FullCommandLine>/home/acoville/Desktop/structures/build/structures_unit_test "Find -readonly returns T if value is found"</FullCommandLine>
			<Results>
				<NamedMeasurement type="numeric/double" name="Execution Time">
					<Value>0.00553417</Value>
				</NamedMeasurement>
				<NamedMeasurement type="numeric/double" name="Processors">
					<Value>1</Value>
				</NamedMeasurement>
				<NamedMeasurement type="text/string" name="Completion Status">
					<Value>Completed</Value>
				</NamedMeasurement>
				<NamedMeasurement type="text/string" name="Command Line">
					<Value>/home/acoville/Desktop/structures/build/structures_unit_test "Find -readonly returns T if value is found"</Value>
				</NamedMeasurement>
				<Measurement>
					<Value encoding="base64" compression="gzip">eJytybEJgEAMRuH+pvhLLSxsBQsbJ3CBw4sQCDlJcoLbi87gqz54K0uQ+YSVtWAwyqWq3DCKZurYwAeuLI3AjqM2LWn+t7SIIMjDcWZ3KuhGvLDgqmDF+G3s2alP6QEcQDTw====</Value>
				</Measurement>
			</Results>
		</Test>
		<EndDateTime>Jun 27 15:47 ACST</EndDateTime>
		<EndTestTime>1593238674</EndTestTime>
		<ElapsedMinutes>0</ElapsedMinutes>
	</Testing>
</Site>
